<?xml version="1.0" encoding="UTF-8"?>
<!-- Generated by org.testng.reporters.JUnitReportReporter -->
<testsuite ignored="0" hostname="CPX-49M5O1ALQ2Q" failures="0" tests="1" name="Test1.NewTest2" time="8.383" errors="0" timestamp="24 Apr 2021 13:24:55 GMT" skipped="0">
  <testcase classname="Test1.NewTest2" name="f" time="8.383"/>
</testsuite> <!-- Test1.NewTest2 -->
